Traceback (most recent call last):
  File "/home/laozhang/ns3-datacenter/simulator/ns-3.39/./ns3", line 1615, in <module>
    main()
  File "/home/laozhang/ns3-datacenter/simulator/ns-3.39/./ns3", line 1575, in main
    raise Exception("Couldn't find the specified program: %s" % target_to_run)
Exception: Couldn't find the specified program: dsh-test
